<?xml version="1.0" encoding="UTF-8"?>
<robot generator="Robot 7.1.1 (Python 3.12.6 on win32)" generated="2025-05-26T23:11:00.693705" rpa="false" schemaversion="5">
<suite id="s1" name="eCommerceWebsite" source="F:\Python\PythonTesting\RobotFramework\Tests\eCommerceWebsite.robot">
<test id="s1-t1" name="Unsuccessful Login Test" line="21">
<kw name="Open Chrome with the specified URL" owner="GenericResource" type="SETUP">
<kw name="Open Browser" owner="SeleniumLibrary">
<msg time="2025-05-26T23:11:01.177734" level="INFO">Opening browser 'Chrome' to base url 'https://rahulshettyacademy.com/loginpagePractise/'.</msg>
<arg>${URL}</arg>
<arg>${Browser}</arg>
<doc>Opens a new browser instance to the optional ``url``.</doc>
<status status="PASS" start="2025-05-26T23:11:01.177734" elapsed="2.298944"/>
</kw>
<kw name="Maximize Browser Window" owner="SeleniumLibrary">
<doc>Maximizes current browser window.</doc>
<status status="PASS" start="2025-05-26T23:11:03.477675" elapsed="0.048488"/>
</kw>
<status status="PASS" start="2025-05-26T23:11:01.176701" elapsed="2.349462"/>
</kw>
<kw name="Enter the credentials and interact with radio and checkboxes" owner="loginPage">
<kw name="Input Text" owner="SeleniumLibrary">
<msg time="2025-05-26T23:11:03.530152" level="INFO">Typing text 'rahulshettyacademy' into text field 'id:username'.</msg>
<arg>id:username</arg>
<arg>${Username}</arg>
<doc>Types the given ``text`` into the text field identified by ``locator``.</doc>
<status status="PASS" start="2025-05-26T23:11:03.528157" elapsed="0.302214"/>
</kw>
<kw name="Input Password" owner="SeleniumLibrary">
<msg time="2025-05-26T23:11:03.831368" level="INFO">Typing password into text field 'id:password'.</msg>
<msg time="2025-05-26T23:11:03.909159" level="INFO">Temporally setting log level to: NONE</msg>
<arg>id:password</arg>
<arg>${Password}</arg>
<doc>Types the given password into the text field identified by ``locator``.</doc>
<status status="PASS" start="2025-05-26T23:11:03.830371" elapsed="0.149545"/>
</kw>
<kw name="Select Radio Button" owner="SeleniumLibrary">
<msg time="2025-05-26T23:11:03.980923" level="INFO">Selecting 'user' from radio button 'radio'.</msg>
<arg>radio</arg>
<arg>user</arg>
<doc>Sets the radio button group ``group_name`` to ``value``.</doc>
<status status="PASS" start="2025-05-26T23:11:03.979916" elapsed="0.132807"/>
</kw>
<kw name="Wait Until Element Is Visible" owner="SeleniumLibrary">
<arg>css:.modal-body</arg>
<doc>Waits until the element ``locator`` is visible.</doc>
<status status="PASS" start="2025-05-26T23:11:04.112723" elapsed="0.249093"/>
</kw>
<kw name="Click Button" owner="SeleniumLibrary">
<msg time="2025-05-26T23:11:04.361816" level="INFO">Clicking button 'css:.btn-success'.</msg>
<arg>css:.btn-success</arg>
<doc>Clicks the button identified by ``locator``.</doc>
<status status="PASS" start="2025-05-26T23:11:04.361816" elapsed="0.119061"/>
</kw>
<kw name="Wait Until Element Is Not Visible" owner="SeleniumLibrary">
<arg>css:.modal-body</arg>
<doc>Waits until the element ``locator`` is not visible.</doc>
<status status="PASS" start="2025-05-26T23:11:04.481962" elapsed="0.233055"/>
</kw>
<kw name="Select From List By Value" owner="SeleniumLibrary">
<msg time="2025-05-26T23:11:04.716015" level="INFO">Selecting options from selection list 'css:select[class='form-control']' by value teach.</msg>
<arg>css:select[class='form-control']</arg>
<arg>teach</arg>
<doc>Selects options from selection list ``locator`` by ``values``.</doc>
<status status="PASS" start="2025-05-26T23:11:04.716015" elapsed="0.102162"/>
</kw>
<kw name="Select Checkbox" owner="SeleniumLibrary">
<msg time="2025-05-26T23:11:04.819168" level="INFO">Selecting checkbox 'terms'.</msg>
<arg>terms</arg>
<doc>Selects the checkbox identified by ``locator``.</doc>
<status status="PASS" start="2025-05-26T23:11:04.819168" elapsed="0.101488"/>
</kw>
<kw name="Click Button" owner="SeleniumLibrary">
<msg time="2025-05-26T23:11:04.920656" level="INFO">Clicking button 'id:signInBtn'.</msg>
<arg>id:signInBtn</arg>
<doc>Clicks the button identified by ``locator``.</doc>
<status status="PASS" start="2025-05-26T23:11:04.920656" elapsed="0.092327"/>
</kw>
<arg>${Username}</arg>
<arg>${Invalid_Password}</arg>
<status status="PASS" start="2025-05-26T23:11:03.527160" elapsed="1.485823"/>
</kw>
<kw name="Wait until the error message is located" owner="loginPage">
<kw name="Wait until the element in the locator is displayed" owner="GenericResource">
<kw name="Wait Until Element Is Visible" owner="SeleniumLibrary">
<arg>${locator}</arg>
<arg>timeout=10s</arg>
<doc>Waits until the element ``locator`` is visible.</doc>
<status status="PASS" start="2025-05-26T23:11:05.013981" elapsed="2.128305"/>
</kw>
<arg>${Logging_Error_Element_Validation}</arg>
<status status="PASS" start="2025-05-26T23:11:05.012983" elapsed="2.129303"/>
</kw>
<status status="PASS" start="2025-05-26T23:11:05.012983" elapsed="2.129303"/>
</kw>
<kw name="Verify whether the message is correct or not" owner="loginPage">
<kw name="Get Text" owner="SeleniumLibrary">
<msg time="2025-05-26T23:11:07.166900" level="INFO">${result} = Incorrect username/password.</msg>
<var>${result}</var>
<arg>${Logging_Error_Element_Validation}</arg>
<doc>Returns the text value of the element identified by ``locator``.</doc>
<status status="PASS" start="2025-05-26T23:11:07.143291" elapsed="0.023609"/>
</kw>
<kw name="Log" owner="BuiltIn">
<msg time="2025-05-26T23:11:07.167996" level="INFO">Incorrect username/password.</msg>
<arg>${result}</arg>
<doc>Logs the given message with the given level.</doc>
<status status="PASS" start="2025-05-26T23:11:07.167996" elapsed="0.000000"/>
</kw>
<kw name="Should Be Equal As Strings" owner="BuiltIn">
<arg>${result}</arg>
<arg>Incorrect username/password.</arg>
<doc>Fails if objects are unequal after converting them to strings.</doc>
<status status="PASS" start="2025-05-26T23:11:07.167996" elapsed="0.000000"/>
</kw>
<status status="PASS" start="2025-05-26T23:11:07.142286" elapsed="0.026707"/>
</kw>
<kw name="Wait for test execution to complete and Close BROWSER" owner="GenericResource" type="TEARDOWN">
<kw name="Close Browser" owner="SeleniumLibrary">
<doc>Closes the current browser.</doc>
<status status="PASS" start="2025-05-26T23:11:07.168993" elapsed="2.257226"/>
</kw>
<status status="PASS" start="2025-05-26T23:11:07.168993" elapsed="2.257226"/>
</kw>
<tag>SMOKE</tag>
<status status="PASS" start="2025-05-26T23:11:01.175669" elapsed="8.250550"/>
</test>
<test id="s1-t2" name="End to End shopping ecommerce test" line="27">
<kw name="Open Chrome with the specified URL" owner="GenericResource" type="SETUP">
<kw name="Open Browser" owner="SeleniumLibrary">
<msg time="2025-05-26T23:11:09.430543" level="INFO">Opening browser 'Chrome' to base url 'https://rahulshettyacademy.com/loginpagePractise/'.</msg>
<arg>${URL}</arg>
<arg>${Browser}</arg>
<doc>Opens a new browser instance to the optional ``url``.</doc>
<status status="PASS" start="2025-05-26T23:11:09.429499" elapsed="2.050653"/>
</kw>
<kw name="Maximize Browser Window" owner="SeleniumLibrary">
<doc>Maximizes current browser window.</doc>
<status status="PASS" start="2025-05-26T23:11:11.481653" elapsed="0.043535"/>
</kw>
<status status="PASS" start="2025-05-26T23:11:09.428443" elapsed="2.097766"/>
</kw>
<kw name="Enter the credentials and interact with radio and checkboxes" owner="loginPage">
<kw name="Input Text" owner="SeleniumLibrary">
<msg time="2025-05-26T23:11:11.533723" level="INFO">Typing text 'rahulshettyacademy' into text field 'id:username'.</msg>
<arg>id:username</arg>
<arg>${Username}</arg>
<doc>Types the given ``text`` into the text field identified by ``locator``.</doc>
<status status="PASS" start="2025-05-26T23:11:11.529209" elapsed="0.247222"/>
</kw>
<kw name="Input Password" owner="SeleniumLibrary">
<msg time="2025-05-26T23:11:11.777428" level="INFO">Typing password into text field 'id:password'.</msg>
<msg time="2025-05-26T23:11:11.870540" level="INFO">Temporally setting log level to: NONE</msg>
<arg>id:password</arg>
<arg>${Password}</arg>
<doc>Types the given password into the text field identified by ``locator``.</doc>
<status status="PASS" start="2025-05-26T23:11:11.777428" elapsed="0.189568"/>
</kw>
<kw name="Select Radio Button" owner="SeleniumLibrary">
<msg time="2025-05-26T23:11:11.969047" level="INFO">Selecting 'user' from radio button 'radio'.</msg>
<arg>radio</arg>
<arg>user</arg>
<doc>Sets the radio button group ``group_name`` to ``value``.</doc>
<status status="PASS" start="2025-05-26T23:11:11.969047" elapsed="0.141929"/>
</kw>
<kw name="Wait Until Element Is Visible" owner="SeleniumLibrary">
<arg>css:.modal-body</arg>
<doc>Waits until the element ``locator`` is visible.</doc>
<status status="PASS" start="2025-05-26T23:11:12.110976" elapsed="0.245964"/>
</kw>
<kw name="Click Button" owner="SeleniumLibrary">
<msg time="2025-05-26T23:11:12.356940" level="INFO">Clicking button 'css:.btn-success'.</msg>
<arg>css:.btn-success</arg>
<doc>Clicks the button identified by ``locator``.</doc>
<status status="PASS" start="2025-05-26T23:11:12.356940" elapsed="0.102432"/>
</kw>
<kw name="Wait Until Element Is Not Visible" owner="SeleniumLibrary">
<arg>css:.modal-body</arg>
<doc>Waits until the element ``locator`` is not visible.</doc>
<status status="PASS" start="2025-05-26T23:11:12.459372" elapsed="0.238188"/>
</kw>
<kw name="Select From List By Value" owner="SeleniumLibrary">
<msg time="2025-05-26T23:11:12.700684" level="INFO">Selecting options from selection list 'css:select[class='form-control']' by value teach.</msg>
<arg>css:select[class='form-control']</arg>
<arg>teach</arg>
<doc>Selects options from selection list ``locator`` by ``values``.</doc>
<status status="PASS" start="2025-05-26T23:11:12.698662" elapsed="0.121376"/>
</kw>
<kw name="Select Checkbox" owner="SeleniumLibrary">
<msg time="2025-05-26T23:11:12.821036" level="INFO">Selecting checkbox 'terms'.</msg>
<arg>terms</arg>
<doc>Selects the checkbox identified by ``locator``.</doc>
<status status="PASS" start="2025-05-26T23:11:12.821036" elapsed="0.102386"/>
</kw>
<kw name="Click Button" owner="SeleniumLibrary">
<msg time="2025-05-26T23:11:12.923422" level="INFO">Clicking button 'id:signInBtn'.</msg>
<arg>id:signInBtn</arg>
<doc>Clicks the button identified by ``locator``.</doc>
<status status="PASS" start="2025-05-26T23:11:12.923422" elapsed="0.099485"/>
</kw>
<arg>${Username}</arg>
<arg>${Valid_Password}</arg>
<status status="PASS" start="2025-05-26T23:11:11.528218" elapsed="1.494689"/>
</kw>
<kw name="Wait until the Shop page is displayed" owner="shopPage">
<kw name="Wait until the element in the locator is displayed" owner="GenericResource">
<kw name="Wait Until Element Is Visible" owner="SeleniumLibrary">
<arg>${locator}</arg>
<arg>timeout=10s</arg>
<doc>Waits until the element ``locator`` is visible.</doc>
<status status="PASS" start="2025-05-26T23:11:13.025074" elapsed="3.128224"/>
</kw>
<arg>${Shop_Page_Validation}</arg>
<status status="PASS" start="2025-05-26T23:11:13.023951" elapsed="3.129347"/>
</kw>
<status status="PASS" start="2025-05-26T23:11:13.023951" elapsed="3.129347"/>
</kw>
<kw name="Add Items To Cart" owner="ShopItems">
<msg time="2025-05-26T23:11:16.199708" level="INFO">Clicking button 'xpath:(//*[@class='card-footer'])[3]/button'.</msg>
<msg time="2025-05-26T23:11:16.289084" level="INFO">Clicking button 'xpath:(//*[@class='card-footer'])[4]/button'.</msg>
<msg time="2025-05-26T23:11:16.398172" level="INFO">Nokia Edge
['Blackberry', 'Nokia Edge']
3
Blackberry
['Blackberry', 'Nokia Edge']
4
Checkout ( 1 )
(current)</msg>
<arg>${required_item}</arg>
<status status="PASS" start="2025-05-26T23:11:16.153298" elapsed="0.244874"/>
</kw>
<kw name="Click the Checkout Button" owner="shopPage">
<kw name="Click Link" owner="SeleniumLibrary">
<msg time="2025-05-26T23:11:16.399324" level="INFO">Clicking link 'css:.active .btn-primary'.</msg>
<arg>css:.active .btn-primary</arg>
<doc>Clicks a link identified by ``locator``.</doc>
<status status="PASS" start="2025-05-26T23:11:16.399324" elapsed="0.088353"/>
</kw>
<kw name="Sleep" owner="BuiltIn">
<msg time="2025-05-26T23:11:19.488331" level="INFO">Slept 3 seconds.</msg>
<arg>3</arg>
<doc>Pauses the test executed for the given time.</doc>
<status status="PASS" start="2025-05-26T23:11:16.487677" elapsed="3.001166"/>
</kw>
<status status="PASS" start="2025-05-26T23:11:16.398172" elapsed="3.090671"/>
</kw>
<kw name="Verify That Cart Data Matches Expected Data" owner="checkoutPage">
<kw name="Create List" owner="BuiltIn">
<msg time="2025-05-26T23:11:19.490846" level="INFO">@{returned_List_From_Cart} = [ ]</msg>
<var>@{returned_List_From_Cart}</var>
<doc>Returns a list containing given items.</doc>
<status status="PASS" start="2025-05-26T23:11:19.490846" elapsed="0.000000"/>
</kw>
<kw name="Log" owner="BuiltIn">
<msg time="2025-05-26T23:11:19.491843" level="INFO">css:h4[class='media-heading']</msg>
<arg>${Cart_Items_Locator}</arg>
<doc>Logs the given message with the given level.</doc>
<status status="PASS" start="2025-05-26T23:11:19.491843" elapsed="0.000998"/>
</kw>
<kw name="Get WebElements" owner="SeleniumLibrary">
<msg time="2025-05-26T23:11:19.518808" level="INFO">@{List_Of_Items_From_Cart} = [ ]</msg>
<var>@{List_Of_Items_From_Cart}</var>
<arg>${Cart_Items_Locator}</arg>
<doc>Returns a list of WebElement objects matching the ``locator``.</doc>
<status status="PASS" start="2025-05-26T23:11:19.492841" elapsed="0.025967"/>
</kw>
<kw name="Log" owner="BuiltIn">
<msg time="2025-05-26T23:11:19.518808" level="INFO">[]</msg>
<arg>${List_Of_Items_From_Cart}</arg>
<doc>Logs the given message with the given level.</doc>
<status status="PASS" start="2025-05-26T23:11:19.518808" elapsed="0.000000"/>
</kw>
<for flavor="IN">
<iter>
<kw name="Get Text" owner="SeleniumLibrary">
<var>${text}</var>
<arg>${element}</arg>
<doc>Returns the text value of the element identified by ``locator``.</doc>
<status status="NOT RUN" start="2025-05-26T23:11:19.519810" elapsed="0.000000"/>
</kw>
<kw name="Append To List" owner="Collections">
<arg>${returned_List_From_Cart}</arg>
<arg>${text}</arg>
<doc>Adds ``values`` to the end of ``list``.</doc>
<status status="NOT RUN" start="2025-05-26T23:11:19.519810" elapsed="0.000000"/>
</kw>
<var name="${element}"/>
<status status="NOT RUN" start="2025-05-26T23:11:19.519810" elapsed="0.000000"/>
</iter>
<var>${element}</var>
<value>@{List_Of_Items_From_Cart}</value>
<status status="NOT RUN" start="2025-05-26T23:11:19.518808" elapsed="0.001002"/>
</for>
<kw name="Log" owner="BuiltIn">
<msg time="2025-05-26T23:11:19.519810" level="INFO">[]</msg>
<arg>${returned_List_From_Cart}</arg>
<doc>Logs the given message with the given level.</doc>
<status status="PASS" start="2025-05-26T23:11:19.519810" elapsed="0.000000"/>
</kw>
<kw name="Lists Should Be Equal" owner="Collections">
<msg time="2025-05-26T23:11:19.519810" level="FAIL">Lengths are different: 0 != 2</msg>
<arg>${returned_List_From_Cart}</arg>
<arg>${required_item}</arg>
<arg>ignore_order=True</arg>
<doc>Fails if given lists are unequal.</doc>
<status status="FAIL" start="2025-05-26T23:11:19.519810" elapsed="0.001003">Lengths are different: 0 != 2</status>
</kw>
<arg>${required_item}</arg>
<status status="FAIL" start="2025-05-26T23:11:19.489850" elapsed="0.030963">Lengths are different: 0 != 2</status>
</kw>
<kw name="Proceed to Checkout" owner="checkoutPage">
<status status="NOT RUN" start="2025-05-26T23:11:19.520813" elapsed="0.000000"/>
</kw>
<kw name="Enter the country in the Input field and place the order" owner="locationAndOrderConfirmationPage">
<arg>${Location}</arg>
<status status="NOT RUN" start="2025-05-26T23:11:19.520813" elapsed="0.000000"/>
</kw>
<kw name="Wait and Validate That the Success Message Is Displayed" owner="locationAndOrderConfirmationPage">
<status status="NOT RUN" start="2025-05-26T23:11:19.520813" elapsed="0.000000"/>
</kw>
<kw name="Wait for test execution to complete and Close BROWSER" owner="GenericResource" type="TEARDOWN">
<kw name="Close Browser" owner="SeleniumLibrary">
<doc>Closes the current browser.</doc>
<status status="PASS" start="2025-05-26T23:11:19.521817" elapsed="2.226122"/>
</kw>
<status status="PASS" start="2025-05-26T23:11:19.520813" elapsed="2.227126"/>
</kw>
<tag>REGRESSION</tag>
<status status="FAIL" start="2025-05-26T23:11:09.427349" elapsed="12.320590">Lengths are different: 0 != 2</status>
</test>
<doc>To validate login page</doc>
<status status="FAIL" start="2025-05-26T23:11:00.694725" elapsed="21.055542"/>
</suite>
<statistics>
<total>
<stat pass="1" fail="1" skip="0">All Tests</stat>
</total>
<tag>
<stat pass="0" fail="1" skip="0">REGRESSION</stat>
<stat pass="1" fail="0" skip="0">SMOKE</stat>
</tag>
<suite>
<stat pass="1" fail="1" skip="0" id="s1" name="eCommerceWebsite">eCommerceWebsite</stat>
</suite>
</statistics>
<errors>
<msg time="2025-05-26T23:11:01.162701" level="ERROR">Error in file 'F:\Python\PythonTesting\RobotFramework\PO\loginPage.robot' on line 5: Error in file 'F:\Python\PythonTesting\RobotFramework\Tests\handlingChildWindow.robot' on line 14: Resource file with 'Test Cases' section is invalid.</msg>
</errors>
</robot>
