<?xml version="1.0" encoding="UTF-8"?>
<robot generator="Robot 7.1.1 (Python 3.12.6 on win32)" generated="2025-05-26T17:38:51.253481" rpa="false" schemaversion="5">
<suite id="s1" name="Tests" source="F:\Python\PythonTesting\RobotFramework\Tests">
<suite id="s1-s1" name="eCommerceWebsite" source="F:\Python\PythonTesting\RobotFramework\Tests\eCommerceWebsite.robot">
<test id="s1-s1-t1" name="Unsuccessful Login Test" line="21">
<kw name="Open Chrome with the specified URL" owner="GenericResource" type="SETUP">
<kw name="Open Browser" owner="SeleniumLibrary">
<msg time="2025-05-26T17:38:53.230090" level="INFO">Opening browser 'Chrome' to base url 'https://rahulshettyacademy.com/loginpagePractise/'.</msg>
<arg>${URL}</arg>
<arg>${Browser}</arg>
<doc>Opens a new browser instance to the optional ``url``.</doc>
<status status="PASS" start="2025-05-26T17:38:53.229092" elapsed="12.525606"/>
</kw>
<kw name="Maximize Browser Window" owner="SeleniumLibrary">
<doc>Maximizes current browser window.</doc>
<status status="PASS" start="2025-05-26T17:39:05.756036" elapsed="0.044812"/>
</kw>
<status status="PASS" start="2025-05-26T17:38:53.227097" elapsed="12.573751"/>
</kw>
<kw name="Enter the credentials and interact with radio and checkboxes" owner="loginPage">
<kw name="Input Text" owner="SeleniumLibrary">
<msg time="2025-05-26T17:39:05.802904" level="INFO">Typing text 'rahulshettyacademy' into text field 'id:username'.</msg>
<arg>id:username</arg>
<arg>${Username}</arg>
<doc>Types the given ``text`` into the text field identified by ``locator``.</doc>
<status status="PASS" start="2025-05-26T17:39:05.802904" elapsed="0.347488"/>
</kw>
<kw name="Input Password" owner="SeleniumLibrary">
<msg time="2025-05-26T17:39:06.152807" level="INFO">Typing password into text field 'id:password'.</msg>
<msg time="2025-05-26T17:39:06.278374" level="INFO">Temporally setting log level to: NONE</msg>
<arg>id:password</arg>
<arg>${Password}</arg>
<doc>Types the given password into the text field identified by ``locator``.</doc>
<status status="PASS" start="2025-05-26T17:39:06.151843" elapsed="0.287684"/>
</kw>
<kw name="Select Radio Button" owner="SeleniumLibrary">
<msg time="2025-05-26T17:39:06.439527" level="INFO">Selecting 'user' from radio button 'radio'.</msg>
<arg>radio</arg>
<arg>user</arg>
<doc>Sets the radio button group ``group_name`` to ``value``.</doc>
<status status="PASS" start="2025-05-26T17:39:06.439527" elapsed="0.305458"/>
</kw>
<kw name="Wait Until Element Is Visible" owner="SeleniumLibrary">
<arg>css:.modal-body</arg>
<doc>Waits until the element ``locator`` is visible.</doc>
<status status="PASS" start="2025-05-26T17:39:06.747074" elapsed="0.348599"/>
</kw>
<kw name="Click Button" owner="SeleniumLibrary">
<msg time="2025-05-26T17:39:07.098605" level="INFO">Clicking button 'css:.btn-success'.</msg>
<arg>css:.btn-success</arg>
<doc>Clicks the button identified by ``locator``.</doc>
<status status="PASS" start="2025-05-26T17:39:07.097195" elapsed="0.283600"/>
</kw>
<kw name="Wait Until Element Is Not Visible" owner="SeleniumLibrary">
<arg>css:.modal-body</arg>
<doc>Waits until the element ``locator`` is not visible.</doc>
<status status="PASS" start="2025-05-26T17:39:07.380795" elapsed="0.297704"/>
</kw>
<kw name="Select From List By Value" owner="SeleniumLibrary">
<msg time="2025-05-26T17:39:07.680623" level="INFO">Selecting options from selection list 'css:select[class='form-control']' by value teach.</msg>
<arg>css:select[class='form-control']</arg>
<arg>teach</arg>
<doc>Selects options from selection list ``locator`` by ``values``.</doc>
<status status="PASS" start="2025-05-26T17:39:07.679611" elapsed="0.275021"/>
</kw>
<kw name="Select Checkbox" owner="SeleniumLibrary">
<msg time="2025-05-26T17:39:07.955680" level="INFO">Selecting checkbox 'terms'.</msg>
<arg>terms</arg>
<doc>Selects the checkbox identified by ``locator``.</doc>
<status status="PASS" start="2025-05-26T17:39:07.955680" elapsed="0.267217"/>
</kw>
<kw name="Click Button" owner="SeleniumLibrary">
<msg time="2025-05-26T17:39:08.223893" level="INFO">Clicking button 'id:signInBtn'.</msg>
<arg>id:signInBtn</arg>
<doc>Clicks the button identified by ``locator``.</doc>
<status status="PASS" start="2025-05-26T17:39:08.223893" elapsed="0.275924"/>
</kw>
<arg>${Username}</arg>
<arg>${Invalid_Password}</arg>
<status status="PASS" start="2025-05-26T17:39:05.800848" elapsed="2.700576"/>
</kw>
<kw name="Wait until the error message is located" owner="loginPage">
<kw name="Wait until the element in the locator is displayed" owner="GenericResource">
<kw name="Wait Until Element Is Visible" owner="SeleniumLibrary">
<arg>${locator}</arg>
<arg>timeout=10s</arg>
<doc>Waits until the element ``locator`` is visible.</doc>
<status status="PASS" start="2025-05-26T17:39:08.504645" elapsed="2.148273"/>
</kw>
<arg>${Logging_Error_Element_Validation}</arg>
<status status="PASS" start="2025-05-26T17:39:08.503025" elapsed="2.150909"/>
</kw>
<status status="PASS" start="2025-05-26T17:39:08.501424" elapsed="2.152510"/>
</kw>
<kw name="Verify whether the message is correct or not" owner="loginPage">
<kw name="Get Text" owner="SeleniumLibrary">
<msg time="2025-05-26T17:39:10.727545" level="INFO">${result} = Incorrect username/password.</msg>
<var>${result}</var>
<arg>${Logging_Error_Element_Validation}</arg>
<doc>Returns the text value of the element identified by ``locator``.</doc>
<status status="PASS" start="2025-05-26T17:39:10.656042" elapsed="0.071503"/>
</kw>
<kw name="Log" owner="BuiltIn">
<msg time="2025-05-26T17:39:10.728601" level="INFO">Incorrect username/password.</msg>
<arg>${result}</arg>
<doc>Logs the given message with the given level.</doc>
<status status="PASS" start="2025-05-26T17:39:10.727545" elapsed="0.001056"/>
</kw>
<kw name="Should Be Equal As Strings" owner="BuiltIn">
<arg>${result}</arg>
<arg>Incorrect username/password.</arg>
<doc>Fails if objects are unequal after converting them to strings.</doc>
<status status="PASS" start="2025-05-26T17:39:10.729601" elapsed="0.000996"/>
</kw>
<status status="PASS" start="2025-05-26T17:39:10.654985" elapsed="0.076865"/>
</kw>
<kw name="Wait for test execution to complete and Close BROWSER" owner="GenericResource" type="TEARDOWN">
<kw name="Close Browser" owner="SeleniumLibrary">
<doc>Closes the current browser.</doc>
<status status="PASS" start="2025-05-26T17:39:10.734466" elapsed="2.282843"/>
</kw>
<status status="PASS" start="2025-05-26T17:39:10.732847" elapsed="2.284462"/>
</kw>
<tag>SMOKE</tag>
<status status="PASS" start="2025-05-26T17:38:53.224106" elapsed="19.793203"/>
</test>
<doc>To validate login page</doc>
<status status="PASS" start="2025-05-26T17:38:51.403145" elapsed="21.616168"/>
</suite>
<suite id="s1-s2" name="handlingChildWindow" source="F:\Python\PythonTesting\RobotFramework\Tests\handlingChildWindow.robot">
<test id="s1-s2-t1" name="Validate the child window and grab the text from and use it in main window" line="15">
<kw name="Click on the blinking text">
<kw name="Click Element" owner="SeleniumLibrary">
<msg time="2025-05-26T17:39:13.063433" level="INFO">Clicking element 'css:.blinkingText'.</msg>
<msg time="2025-05-26T17:39:13.064441" level="INFO">Cannot capture screenshot because no browser is open.</msg>
<msg time="2025-05-26T17:39:13.064441" level="FAIL">No browser is open.</msg>
<arg>css:.blinkingText</arg>
<doc>Click the element identified by ``locator``.</doc>
<status status="FAIL" start="2025-05-26T17:39:13.063433" elapsed="0.253286">No browser is open.</status>
</kw>
<kw name="Sleep" owner="BuiltIn">
<arg>3</arg>
<doc>Pauses the test executed for the given time.</doc>
<status status="NOT RUN" start="2025-05-26T17:39:13.318064" elapsed="0.000000"/>
</kw>
<status status="FAIL" start="2025-05-26T17:39:13.061222" elapsed="0.257886">No browser is open.</status>
</kw>
<kw name="Verify the child window is opened or not">
<status status="NOT RUN" start="2025-05-26T17:39:13.319108" elapsed="0.000000"/>
</kw>
<kw name="Grab the email id from the child window">
<status status="NOT RUN" start="2025-05-26T17:39:13.320260" elapsed="0.000000"/>
</kw>
<kw name="Switch to parent window and enter the text">
<status status="NOT RUN" start="2025-05-26T17:39:13.320260" elapsed="0.000000"/>
</kw>
<tag>SMOKE</tag>
<status status="FAIL" start="2025-05-26T17:39:13.059225" elapsed="0.262101">No browser is open.</status>
</test>
<doc>Handling the child window from testDemoRobot file</doc>
<status status="FAIL" start="2025-05-26T17:39:13.021306" elapsed="0.301091"/>
</suite>
<status status="FAIL" start="2025-05-26T17:38:51.258299" elapsed="22.066234"/>
</suite>
<statistics>
<total>
<stat pass="1" fail="1" skip="0">All Tests</stat>
</total>
<tag>
<stat pass="1" fail="1" skip="0">SMOKE</stat>
</tag>
<suite>
<stat pass="1" fail="1" skip="0" id="s1" name="Tests">Tests</stat>
<stat pass="1" fail="0" skip="0" id="s1-s1" name="eCommerceWebsite">Tests.eCommerceWebsite</stat>
<stat pass="0" fail="1" skip="0" id="s1-s2" name="handlingChildWindow">Tests.handlingChildWindow</stat>
</suite>
</statistics>
<errors>
<msg time="2025-05-26T17:38:52.905681" level="ERROR">Error in file 'F:\Python\PythonTesting\RobotFramework\PO\loginPage.robot' on line 5: Error in file 'F:\Python\PythonTesting\RobotFramework\Tests\handlingChildWindow.robot' on line 14: Resource file with 'Test Cases' section is invalid.</msg>
</errors>
</robot>
